ADMesh version 0.98.3, Copyright (C) 1995, 1996 Anthony D. Martin
ADMesh comes with NO WARRANTY.  This is free software, and you are welcome to
redistribute it under certain conditions.  See the file COPYING for details.
Opening nrPlate.stl
Checking exact...
All facets connected.  No nearby check necessary.
No unconnected need to be removed.
No holes need to be filled.
Checking normal directions...
Checking normal values...
Calculating volume...
Verifying neighbors...

================= Results produced by ADMesh version 0.98.3 ================
Input file         : nrPlate.stl
File type          : ASCII STL file
Header             : solid OpenSCAD_Model
============== Size ==============
Min X = -3.000000, Max X =  106.000000
Min Y = -15.000000, Max Y =  15.000000
Min Z = -2.000000, Max Z =  1.000000
========= Facet Status ========== Original ============ Final ====
Number of facets                 :  9192                9192
Facets with 1 disconnected edge  :     0                   0
Facets with 2 disconnected edges :     0                   0
Facets with 3 disconnected edges :     0                   0
Total disconnected facets        :     0                   0
=== Processing Statistics ===     ===== Other Statistics =====
Number of parts       :     1        Volume   :  6993.515137
Degenerate facets     :     0
Edges fixed           :     0
Facets removed        :     0
Facets added          :     0
Facets reversed       :     0
Backwards edges       :     0
Normals fixed         :     0
